{"/home/julian/Desktop/Desarrollo Web/Alkemy-challenge-node/config/config.js": {"path":"/home/julian/Desktop/Desarrollo Web/Alkemy-challenge-node/config/config.js","statementMap":{"0":{"start":{"line":1,"column":0},"end":{"line":1,"column":26}},"1":{"start":{"line":3,"column":0},"end":{"line":31,"column":1}}},"fnMap":{},"branchMap":{"0":{"loc":{"start":{"line":4,"column":7},"end":{"line":4,"column":31}},"type":"binary-expr","locations":[{"start":{"line":4,"column":7},"end":{"line":4,"column":23}},{"start":{"line":4,"column":27},"end":{"line":4,"column":31}}],"line":4}},"s":{"0":1,"1":1},"f":{},"b":{"0":[1,1]},"inputSourceMap":null,"_coverageSchema":"1a1c01bbd47fc00a2c39e90264f33305004495a9","hash":"3940d47b4329f83c17646aca39fe184b6e7aff17"}
,"/home/julian/Desktop/Desarrollo Web/Alkemy-challenge-node/models/character.ts": {"path":"/home/julian/Desktop/Desarrollo Web/Alkemy-challenge-node/models/character.ts","statementMap":{"0":{"start":{"line":3,"column":0},"end":{"line":3,"column":41}},"1":{"start":{"line":6,"column":0},"end":{"line":63,"column":null}},"2":{"start":{"line":22,"column":3},"end":{"line":25,"column":null}},"3":{"start":{"line":28,"column":1},"end":{"line":61,"column":null}},"4":{"start":{"line":62,"column":1},"end":{"line":62,"column":null}}},"fnMap":{"0":{"name":"(anonymous_0)","decl":{"start":{"line":6,"column":17},"end":{"line":6,"column":18}},"loc":{"start":{"line":6,"column":52},"end":{"line":63,"column":1}}},"1":{"name":"(anonymous_1)","decl":{"start":{"line":20,"column":2},"end":{"line":20,"column":8}},"loc":{"start":{"line":20,"column":30},"end":{"line":26,"column":3}}}},"branchMap":{},"s":{"0":1,"1":1,"2":1,"3":1,"4":1},"f":{"0":1,"1":1},"b":{}}
,"/home/julian/Desktop/Desarrollo Web/Alkemy-challenge-node/models/genre.ts": {"path":"/home/julian/Desktop/Desarrollo Web/Alkemy-challenge-node/models/genre.ts","statementMap":{"0":{"start":{"line":2,"column":0},"end":{"line":2,"column":33}},"1":{"start":{"line":4,"column":0},"end":{"line":44,"column":null}},"2":{"start":{"line":18,"column":3},"end":{"line":18,"column":null}},"3":{"start":{"line":21,"column":1},"end":{"line":42,"column":null}},"4":{"start":{"line":43,"column":1},"end":{"line":43,"column":null}}},"fnMap":{"0":{"name":"(anonymous_0)","decl":{"start":{"line":4,"column":17},"end":{"line":4,"column":18}},"loc":{"start":{"line":4,"column":52},"end":{"line":44,"column":1}}},"1":{"name":"(anonymous_1)","decl":{"start":{"line":14,"column":2},"end":{"line":14,"column":8}},"loc":{"start":{"line":14,"column":30},"end":{"line":19,"column":3}}}},"branchMap":{},"s":{"0":1,"1":1,"2":1,"3":1,"4":1},"f":{"0":1,"1":1},"b":{}}
,"/home/julian/Desktop/Desarrollo Web/Alkemy-challenge-node/models/index.ts": {"path":"/home/julian/Desktop/Desarrollo Web/Alkemy-challenge-node/models/index.ts","statementMap":{"0":{"start":{"line":3,"column":11},"end":{"line":3,"column":24}},"1":{"start":{"line":4,"column":13},"end":{"line":4,"column":28}},"2":{"start":{"line":5,"column":18},"end":{"line":5,"column":38}},"3":{"start":{"line":6,"column":17},"end":{"line":6,"column":42}},"4":{"start":{"line":7,"column":12},"end":{"line":7,"column":49}},"5":{"start":{"line":8,"column":15},"end":{"line":8,"column":63}},"6":{"start":{"line":9,"column":16},"end":{"line":9,"column":18}},"7":{"start":{"line":12,"column":0},"end":{"line":16,"column":null}},"8":{"start":{"line":13,"column":1},"end":{"line":13,"column":null}},"9":{"start":{"line":15,"column":1},"end":{"line":15,"column":null}},"10":{"start":{"line":18,"column":0},"end":{"line":26,"column":null}},"11":{"start":{"line":21,"column":2},"end":{"line":21,"column":null}},"12":{"start":{"line":24,"column":16},"end":{"line":24,"column":83}},"13":{"start":{"line":25,"column":2},"end":{"line":25,"column":null}},"14":{"start":{"line":28,"column":0},"end":{"line":32,"column":null}},"15":{"start":{"line":29,"column":1},"end":{"line":31,"column":null}},"16":{"start":{"line":30,"column":2},"end":{"line":30,"column":null}},"17":{"start":{"line":34,"column":0},"end":{"line":34,"column":null}},"18":{"start":{"line":35,"column":0},"end":{"line":35,"column":null}},"19":{"start":{"line":37,"column":0},"end":{"line":37,"column":null}}},"fnMap":{"0":{"name":"(anonymous_0)","decl":{"start":{"line":20,"column":9},"end":{"line":20,"column":10}},"loc":{"start":{"line":20,"column":26},"end":{"line":22,"column":2}}},"1":{"name":"(anonymous_1)","decl":{"start":{"line":23,"column":10},"end":{"line":23,"column":11}},"loc":{"start":{"line":23,"column":24},"end":{"line":26,"column":2}}},"2":{"name":"(anonymous_2)","decl":{"start":{"line":28,"column":24},"end":{"line":28,"column":25}},"loc":{"start":{"line":28,"column":38},"end":{"line":32,"column":1}}}},"branchMap":{"0":{"loc":{"start":{"line":7,"column":12},"end":{"line":7,"column":49}},"type":"binary-expr","locations":[{"start":{"line":7,"column":12},"end":{"line":7,"column":32}},{"start":{"line":7,"column":36},"end":{"line":7,"column":49}}]},"1":{"loc":{"start":{"line":12,"column":0},"end":{"line":16,"column":null}},"type":"if","locations":[{"start":{"line":12,"column":0},"end":{"line":16,"column":null}},{"start":{"line":14,"column":7},"end":{"line":16,"column":null}}]},"2":{"loc":{"start":{"line":21,"column":9},"end":{"line":21,"column":81}},"type":"binary-expr","locations":[{"start":{"line":21,"column":9},"end":{"line":21,"column":32}},{"start":{"line":21,"column":36},"end":{"line":21,"column":53}},{"start":{"line":21,"column":57},"end":{"line":21,"column":81}}]},"3":{"loc":{"start":{"line":29,"column":1},"end":{"line":31,"column":null}},"type":"if","locations":[{"start":{"line":29,"column":1},"end":{"line":31,"column":null}}]}},"s":{"0":1,"1":1,"2":1,"3":1,"4":1,"5":1,"6":1,"7":1,"8":0,"9":1,"10":1,"11":7,"12":6,"13":6,"14":1,"15":6,"16":6,"17":1,"18":1,"19":1},"f":{"0":7,"1":6,"2":6},"b":{"0":[1,0],"1":[0,1],"2":[7,7,6],"3":[6]}}
,"/home/julian/Desktop/Desarrollo Web/Alkemy-challenge-node/models/movie.ts": {"path":"/home/julian/Desktop/Desarrollo Web/Alkemy-challenge-node/models/movie.ts","statementMap":{"0":{"start":{"line":2,"column":0},"end":{"line":2,"column":33}},"1":{"start":{"line":4,"column":0},"end":{"line":59,"column":null}},"2":{"start":{"line":18,"column":3},"end":{"line":21,"column":null}},"3":{"start":{"line":22,"column":3},"end":{"line":25,"column":null}},"4":{"start":{"line":28,"column":1},"end":{"line":57,"column":null}},"5":{"start":{"line":58,"column":1},"end":{"line":58,"column":null}}},"fnMap":{"0":{"name":"(anonymous_0)","decl":{"start":{"line":4,"column":17},"end":{"line":4,"column":18}},"loc":{"start":{"line":4,"column":52},"end":{"line":59,"column":1}}},"1":{"name":"(anonymous_1)","decl":{"start":{"line":16,"column":2},"end":{"line":16,"column":8}},"loc":{"start":{"line":16,"column":30},"end":{"line":26,"column":3}}}},"branchMap":{},"s":{"0":1,"1":1,"2":1,"3":1,"4":1,"5":1},"f":{"0":1,"1":1},"b":{}}
,"/home/julian/Desktop/Desarrollo Web/Alkemy-challenge-node/models/moviecharacter.ts": {"path":"/home/julian/Desktop/Desarrollo Web/Alkemy-challenge-node/models/moviecharacter.ts","statementMap":{"0":{"start":{"line":5,"column":0},"end":{"line":5,"column":33}},"1":{"start":{"line":6,"column":0},"end":{"line":54,"column":null}},"2":{"start":{"line":21,"column":1},"end":{"line":52,"column":null}},"3":{"start":{"line":53,"column":1},"end":{"line":53,"column":null}}},"fnMap":{"0":{"name":"(anonymous_0)","decl":{"start":{"line":6,"column":17},"end":{"line":6,"column":18}},"loc":{"start":{"line":6,"column":52},"end":{"line":54,"column":1}}},"1":{"name":"(anonymous_1)","decl":{"start":{"line":17,"column":2},"end":{"line":17,"column":8}},"loc":{"start":{"line":17,"column":30},"end":{"line":19,"column":3}}}},"branchMap":{},"s":{"0":1,"1":1,"2":1,"3":1},"f":{"0":1,"1":1},"b":{}}
,"/home/julian/Desktop/Desarrollo Web/Alkemy-challenge-node/models/moviegenre.ts": {"path":"/home/julian/Desktop/Desarrollo Web/Alkemy-challenge-node/models/moviegenre.ts","statementMap":{"0":{"start":{"line":2,"column":0},"end":{"line":2,"column":33}},"1":{"start":{"line":5,"column":0},"end":{"line":50,"column":null}},"2":{"start":{"line":19,"column":1},"end":{"line":48,"column":null}},"3":{"start":{"line":49,"column":1},"end":{"line":49,"column":null}}},"fnMap":{"0":{"name":"(anonymous_0)","decl":{"start":{"line":5,"column":17},"end":{"line":5,"column":18}},"loc":{"start":{"line":5,"column":52},"end":{"line":50,"column":1}}},"1":{"name":"(anonymous_1)","decl":{"start":{"line":15,"column":2},"end":{"line":15,"column":8}},"loc":{"start":{"line":15,"column":30},"end":{"line":17,"column":3}}}},"branchMap":{},"s":{"0":1,"1":1,"2":1,"3":1},"f":{"0":1,"1":1},"b":{}}
,"/home/julian/Desktop/Desarrollo Web/Alkemy-challenge-node/models/user.ts": {"path":"/home/julian/Desktop/Desarrollo Web/Alkemy-challenge-node/models/user.ts","statementMap":{"0":{"start":{"line":2,"column":0},"end":{"line":2,"column":33}},"1":{"start":{"line":4,"column":0},"end":{"line":43,"column":null}},"2":{"start":{"line":19,"column":1},"end":{"line":41,"column":null}},"3":{"start":{"line":42,"column":1},"end":{"line":42,"column":null}}},"fnMap":{"0":{"name":"(anonymous_0)","decl":{"start":{"line":4,"column":17},"end":{"line":4,"column":18}},"loc":{"start":{"line":4,"column":52},"end":{"line":43,"column":1}}},"1":{"name":"(anonymous_1)","decl":{"start":{"line":15,"column":2},"end":{"line":15,"column":8}},"loc":{"start":{"line":15,"column":30},"end":{"line":17,"column":3}}}},"branchMap":{},"s":{"0":1,"1":1,"2":1,"3":1},"f":{"0":1,"1":1},"b":{}}
,"/home/julian/Desktop/Desarrollo Web/Alkemy-challenge-node/services/character.service.ts": {"path":"/home/julian/Desktop/Desarrollo Web/Alkemy-challenge-node/services/character.service.ts","statementMap":{"0":{"start":{"line":2,"column":0},"end":{"line":2,"column":26}},"1":{"start":{"line":3,"column":0},"end":{"line":3,"column":46}},"2":{"start":{"line":5,"column":13},"end":{"line":27,"column":null}},"3":{"start":{"line":5,"column":39},"end":{"line":27,"column":null}},"4":{"start":{"line":6,"column":1},"end":{"line":22,"column":null}},"5":{"start":{"line":7,"column":2},"end":{"line":21,"column":null}},"6":{"start":{"line":23,"column":1},"end":{"line":26,"column":null}},"7":{"start":{"line":29,"column":12},"end":{"line":51,"column":null}},"8":{"start":{"line":29,"column":33},"end":{"line":51,"column":null}},"9":{"start":{"line":30,"column":1},"end":{"line":50,"column":null}},"10":{"start":{"line":53,"column":15},"end":{"line":81,"column":null}},"11":{"start":{"line":53,"column":50},"end":{"line":81,"column":null}},"12":{"start":{"line":54,"column":55},"end":{"line":54,"column":59}},"13":{"start":{"line":56,"column":1},"end":{"line":61,"column":null}},"14":{"start":{"line":57,"column":25},"end":{"line":57,"column":63}},"15":{"start":{"line":58,"column":2},"end":{"line":60,"column":null}},"16":{"start":{"line":59,"column":3},"end":{"line":59,"column":null}},"17":{"start":{"line":63,"column":26},"end":{"line":69,"column":3}},"18":{"start":{"line":71,"column":1},"end":{"line":78,"column":null}},"19":{"start":{"line":72,"column":2},"end":{"line":77,"column":null}},"20":{"start":{"line":73,"column":3},"end":{"line":76,"column":null}},"21":{"start":{"line":80,"column":1},"end":{"line":80,"column":null}},"22":{"start":{"line":83,"column":15},"end":{"line":85,"column":null}},"23":{"start":{"line":83,"column":57},"end":{"line":85,"column":null}},"24":{"start":{"line":84,"column":1},"end":{"line":84,"column":null}},"25":{"start":{"line":87,"column":15},"end":{"line":89,"column":null}},"26":{"start":{"line":87,"column":36},"end":{"line":89,"column":null}},"27":{"start":{"line":88,"column":1},"end":{"line":88,"column":null}},"28":{"start":{"line":91,"column":20},"end":{"line":99,"column":null}},"29":{"start":{"line":91,"column":51},"end":{"line":99,"column":null}},"30":{"start":{"line":92,"column":24},"end":{"line":92,"column":26}},"31":{"start":{"line":94,"column":1},"end":{"line":97,"column":null}},"32":{"start":{"line":95,"column":20},"end":{"line":95,"column":51}},"33":{"start":{"line":96,"column":2},"end":{"line":96,"column":null}},"34":{"start":{"line":96,"column":26},"end":{"line":96,"column":null}},"35":{"start":{"line":98,"column":1},"end":{"line":98,"column":null}},"36":{"start":{"line":101,"column":13},"end":{"line":101,"column":null}}},"fnMap":{"0":{"name":"(anonymous_8)","decl":{"start":{"line":5,"column":13},"end":{"line":5,"column":20}},"loc":{"start":{"line":5,"column":39},"end":{"line":27,"column":null}}},"1":{"name":"(anonymous_9)","decl":{"start":{"line":5,"column":39},"end":{"line":5,"column":null}},"loc":{"start":{"line":5,"column":39},"end":{"line":27,"column":1}}},"2":{"name":"(anonymous_10)","decl":{"start":{"line":29,"column":12},"end":{"line":29,"column":19}},"loc":{"start":{"line":29,"column":33},"end":{"line":51,"column":null}}},"3":{"name":"(anonymous_11)","decl":{"start":{"line":29,"column":33},"end":{"line":29,"column":null}},"loc":{"start":{"line":29,"column":33},"end":{"line":51,"column":1}}},"4":{"name":"(anonymous_12)","decl":{"start":{"line":53,"column":15},"end":{"line":53,"column":22}},"loc":{"start":{"line":53,"column":50},"end":{"line":81,"column":null}}},"5":{"name":"(anonymous_13)","decl":{"start":{"line":53,"column":50},"end":{"line":53,"column":null}},"loc":{"start":{"line":53,"column":50},"end":{"line":81,"column":1}}},"6":{"name":"(anonymous_14)","decl":{"start":{"line":83,"column":15},"end":{"line":83,"column":22}},"loc":{"start":{"line":83,"column":57},"end":{"line":85,"column":null}}},"7":{"name":"(anonymous_15)","decl":{"start":{"line":83,"column":57},"end":{"line":83,"column":null}},"loc":{"start":{"line":83,"column":57},"end":{"line":85,"column":1}}},"8":{"name":"(anonymous_16)","decl":{"start":{"line":87,"column":15},"end":{"line":87,"column":22}},"loc":{"start":{"line":87,"column":36},"end":{"line":89,"column":null}}},"9":{"name":"(anonymous_17)","decl":{"start":{"line":87,"column":36},"end":{"line":87,"column":null}},"loc":{"start":{"line":87,"column":36},"end":{"line":89,"column":1}}},"10":{"name":"(anonymous_18)","decl":{"start":{"line":91,"column":20},"end":{"line":91,"column":27}},"loc":{"start":{"line":91,"column":51},"end":{"line":99,"column":null}}},"11":{"name":"(anonymous_19)","decl":{"start":{"line":91,"column":51},"end":{"line":91,"column":null}},"loc":{"start":{"line":91,"column":51},"end":{"line":99,"column":1}}}},"branchMap":{"0":{"loc":{"start":{"line":6,"column":1},"end":{"line":22,"column":null}},"type":"if","locations":[{"start":{"line":6,"column":1},"end":{"line":22,"column":null}}]},"1":{"loc":{"start":{"line":56,"column":1},"end":{"line":61,"column":null}},"type":"if","locations":[{"start":{"line":56,"column":1},"end":{"line":61,"column":null}}]},"2":{"loc":{"start":{"line":58,"column":2},"end":{"line":60,"column":null}},"type":"if","locations":[{"start":{"line":58,"column":2},"end":{"line":60,"column":null}}]},"3":{"loc":{"start":{"line":71,"column":1},"end":{"line":78,"column":null}},"type":"if","locations":[{"start":{"line":71,"column":1},"end":{"line":78,"column":null}}]},"4":{"loc":{"start":{"line":96,"column":2},"end":{"line":96,"column":null}},"type":"if","locations":[{"start":{"line":96,"column":2},"end":{"line":96,"column":null}}]}},"s":{"0":1,"1":1,"2":1,"3":1,"4":1,"5":0,"6":1,"7":1,"8":1,"9":1,"10":1,"11":0,"12":0,"13":0,"14":0,"15":0,"16":0,"17":0,"18":0,"19":0,"20":0,"21":0,"22":1,"23":0,"24":0,"25":1,"26":0,"27":0,"28":1,"29":0,"30":0,"31":0,"32":0,"33":0,"34":0,"35":0,"36":1},"f":{"0":1,"1":1,"2":1,"3":1,"4":0,"5":0,"6":0,"7":0,"8":0,"9":0,"10":0,"11":0},"b":{"0":[0],"1":[0],"2":[0],"3":[0],"4":[0]}}
,"/home/julian/Desktop/Desarrollo Web/Alkemy-challenge-node/services/genre.service.ts": {"path":"/home/julian/Desktop/Desarrollo Web/Alkemy-challenge-node/services/genre.service.ts","statementMap":{"0":{"start":{"line":1,"column":0},"end":{"line":1,"column":26}},"1":{"start":{"line":3,"column":20},"end":{"line":11,"column":null}},"2":{"start":{"line":3,"column":47},"end":{"line":11,"column":null}},"3":{"start":{"line":4,"column":24},"end":{"line":4,"column":26}},"4":{"start":{"line":6,"column":1},"end":{"line":9,"column":null}},"5":{"start":{"line":7,"column":16},"end":{"line":7,"column":43}},"6":{"start":{"line":8,"column":2},"end":{"line":8,"column":null}},"7":{"start":{"line":8,"column":22},"end":{"line":8,"column":null}},"8":{"start":{"line":10,"column":1},"end":{"line":10,"column":null}},"9":{"start":{"line":13,"column":13},"end":{"line":13,"column":null}}},"fnMap":{"0":{"name":"(anonymous_8)","decl":{"start":{"line":3,"column":20},"end":{"line":3,"column":27}},"loc":{"start":{"line":3,"column":47},"end":{"line":11,"column":null}}},"1":{"name":"(anonymous_9)","decl":{"start":{"line":3,"column":47},"end":{"line":3,"column":null}},"loc":{"start":{"line":3,"column":47},"end":{"line":11,"column":1}}}},"branchMap":{"0":{"loc":{"start":{"line":8,"column":2},"end":{"line":8,"column":null}},"type":"if","locations":[{"start":{"line":8,"column":2},"end":{"line":8,"column":null}}]}},"s":{"0":1,"1":1,"2":0,"3":0,"4":0,"5":0,"6":0,"7":0,"8":0,"9":1},"f":{"0":0,"1":0},"b":{"0":[0]}}
,"/home/julian/Desktop/Desarrollo Web/Alkemy-challenge-node/services/movie.service.ts": {"path":"/home/julian/Desktop/Desarrollo Web/Alkemy-challenge-node/services/movie.service.ts","statementMap":{"0":{"start":{"line":1,"column":0},"end":{"line":1,"column":26}},"1":{"start":{"line":3,"column":0},"end":{"line":3,"column":54}},"2":{"start":{"line":4,"column":0},"end":{"line":4,"column":46}},"3":{"start":{"line":6,"column":20},"end":{"line":14,"column":null}},"4":{"start":{"line":6,"column":47},"end":{"line":14,"column":null}},"5":{"start":{"line":7,"column":24},"end":{"line":7,"column":26}},"6":{"start":{"line":9,"column":1},"end":{"line":12,"column":null}},"7":{"start":{"line":10,"column":16},"end":{"line":10,"column":43}},"8":{"start":{"line":11,"column":2},"end":{"line":11,"column":null}},"9":{"start":{"line":11,"column":22},"end":{"line":11,"column":null}},"10":{"start":{"line":13,"column":1},"end":{"line":13,"column":null}},"11":{"start":{"line":16,"column":13},"end":{"line":39,"column":null}},"12":{"start":{"line":16,"column":59},"end":{"line":39,"column":null}},"13":{"start":{"line":17,"column":1},"end":{"line":33,"column":null}},"14":{"start":{"line":18,"column":2},"end":{"line":32,"column":null}},"15":{"start":{"line":34,"column":1},"end":{"line":38,"column":null}},"16":{"start":{"line":41,"column":12},"end":{"line":60,"column":null}},"17":{"start":{"line":41,"column":33},"end":{"line":60,"column":null}},"18":{"start":{"line":42,"column":1},"end":{"line":59,"column":null}},"19":{"start":{"line":62,"column":15},"end":{"line":105,"column":null}},"20":{"start":{"line":62,"column":46},"end":{"line":105,"column":null}},"21":{"start":{"line":63,"column":61},"end":{"line":63,"column":65}},"22":{"start":{"line":65,"column":1},"end":{"line":70,"column":null}},"23":{"start":{"line":66,"column":28},"end":{"line":66,"column":74}},"24":{"start":{"line":67,"column":2},"end":{"line":69,"column":null}},"25":{"start":{"line":68,"column":3},"end":{"line":68,"column":null}},"26":{"start":{"line":72,"column":1},"end":{"line":77,"column":null}},"27":{"start":{"line":73,"column":24},"end":{"line":73,"column":62}},"28":{"start":{"line":74,"column":2},"end":{"line":76,"column":null}},"29":{"start":{"line":75,"column":3},"end":{"line":75,"column":null}},"30":{"start":{"line":79,"column":22},"end":{"line":84,"column":3}},"31":{"start":{"line":86,"column":1},"end":{"line":93,"column":null}},"32":{"start":{"line":87,"column":2},"end":{"line":92,"column":null}},"33":{"start":{"line":88,"column":3},"end":{"line":91,"column":null}},"34":{"start":{"line":95,"column":1},"end":{"line":102,"column":null}},"35":{"start":{"line":96,"column":2},"end":{"line":101,"column":null}},"36":{"start":{"line":97,"column":3},"end":{"line":100,"column":null}},"37":{"start":{"line":104,"column":1},"end":{"line":104,"column":null}},"38":{"start":{"line":107,"column":15},"end":{"line":109,"column":null}},"39":{"start":{"line":107,"column":53},"end":{"line":109,"column":null}},"40":{"start":{"line":108,"column":1},"end":{"line":108,"column":null}},"41":{"start":{"line":111,"column":15},"end":{"line":113,"column":null}},"42":{"start":{"line":111,"column":36},"end":{"line":113,"column":null}},"43":{"start":{"line":112,"column":1},"end":{"line":112,"column":null}},"44":{"start":{"line":115,"column":13},"end":{"line":115,"column":null}}},"fnMap":{"0":{"name":"(anonymous_8)","decl":{"start":{"line":6,"column":20},"end":{"line":6,"column":27}},"loc":{"start":{"line":6,"column":47},"end":{"line":14,"column":null}}},"1":{"name":"(anonymous_9)","decl":{"start":{"line":6,"column":47},"end":{"line":6,"column":null}},"loc":{"start":{"line":6,"column":47},"end":{"line":14,"column":1}}},"2":{"name":"(anonymous_10)","decl":{"start":{"line":16,"column":13},"end":{"line":16,"column":20}},"loc":{"start":{"line":16,"column":59},"end":{"line":39,"column":null}}},"3":{"name":"(anonymous_11)","decl":{"start":{"line":16,"column":59},"end":{"line":16,"column":null}},"loc":{"start":{"line":16,"column":59},"end":{"line":39,"column":1}}},"4":{"name":"(anonymous_12)","decl":{"start":{"line":41,"column":12},"end":{"line":41,"column":19}},"loc":{"start":{"line":41,"column":33},"end":{"line":60,"column":null}}},"5":{"name":"(anonymous_13)","decl":{"start":{"line":41,"column":33},"end":{"line":41,"column":null}},"loc":{"start":{"line":41,"column":33},"end":{"line":60,"column":1}}},"6":{"name":"(anonymous_14)","decl":{"start":{"line":62,"column":15},"end":{"line":62,"column":22}},"loc":{"start":{"line":62,"column":46},"end":{"line":105,"column":null}}},"7":{"name":"(anonymous_15)","decl":{"start":{"line":62,"column":46},"end":{"line":62,"column":null}},"loc":{"start":{"line":62,"column":46},"end":{"line":105,"column":1}}},"8":{"name":"(anonymous_16)","decl":{"start":{"line":107,"column":15},"end":{"line":107,"column":22}},"loc":{"start":{"line":107,"column":53},"end":{"line":109,"column":null}}},"9":{"name":"(anonymous_17)","decl":{"start":{"line":107,"column":53},"end":{"line":107,"column":null}},"loc":{"start":{"line":107,"column":53},"end":{"line":109,"column":1}}},"10":{"name":"(anonymous_18)","decl":{"start":{"line":111,"column":15},"end":{"line":111,"column":22}},"loc":{"start":{"line":111,"column":36},"end":{"line":113,"column":null}}},"11":{"name":"(anonymous_19)","decl":{"start":{"line":111,"column":36},"end":{"line":111,"column":null}},"loc":{"start":{"line":111,"column":36},"end":{"line":113,"column":1}}}},"branchMap":{"0":{"loc":{"start":{"line":11,"column":2},"end":{"line":11,"column":null}},"type":"if","locations":[{"start":{"line":11,"column":2},"end":{"line":11,"column":null}}]},"1":{"loc":{"start":{"line":17,"column":1},"end":{"line":33,"column":null}},"type":"if","locations":[{"start":{"line":17,"column":1},"end":{"line":33,"column":null}}]},"2":{"loc":{"start":{"line":65,"column":1},"end":{"line":70,"column":null}},"type":"if","locations":[{"start":{"line":65,"column":1},"end":{"line":70,"column":null}}]},"3":{"loc":{"start":{"line":67,"column":2},"end":{"line":69,"column":null}},"type":"if","locations":[{"start":{"line":67,"column":2},"end":{"line":69,"column":null}}]},"4":{"loc":{"start":{"line":72,"column":1},"end":{"line":77,"column":null}},"type":"if","locations":[{"start":{"line":72,"column":1},"end":{"line":77,"column":null}}]},"5":{"loc":{"start":{"line":74,"column":2},"end":{"line":76,"column":null}},"type":"if","locations":[{"start":{"line":74,"column":2},"end":{"line":76,"column":null}}]},"6":{"loc":{"start":{"line":86,"column":1},"end":{"line":93,"column":null}},"type":"if","locations":[{"start":{"line":86,"column":1},"end":{"line":93,"column":null}}]},"7":{"loc":{"start":{"line":95,"column":1},"end":{"line":102,"column":null}},"type":"if","locations":[{"start":{"line":95,"column":1},"end":{"line":102,"column":null}}]}},"s":{"0":1,"1":1,"2":1,"3":1,"4":0,"5":0,"6":0,"7":0,"8":0,"9":0,"10":0,"11":1,"12":0,"13":0,"14":0,"15":0,"16":1,"17":0,"18":0,"19":1,"20":0,"21":0,"22":0,"23":0,"24":0,"25":0,"26":0,"27":0,"28":0,"29":0,"30":0,"31":0,"32":0,"33":0,"34":0,"35":0,"36":0,"37":0,"38":1,"39":0,"40":0,"41":1,"42":0,"43":0,"44":1},"f":{"0":0,"1":0,"2":0,"3":0,"4":0,"5":0,"6":0,"7":0,"8":0,"9":0,"10":0,"11":0},"b":{"0":[0],"1":[0],"2":[0],"3":[0],"4":[0],"5":[0],"6":[0],"7":[0]}}
}
